ecosystem/robotics/Axiom/UHRTest/app/build/intermediates/manifest_merge_blame_file/debug/manifest-merger-blame-debug-report.txt
1<?xml version="1.0" encoding="utf-8"?>
2<manifest xmlns:android="http://schemas.android.com/apk/res/android"
3    package="com.giblets.uhrtest"
4    android:versionCode="1"
5    android:versionName="1.0" >
6
7    <uses-sdk
8        android:minSdkVersion="31"
9        android:targetSdkVersion="34" />
10
11    <uses-permission android:name="android.permission.CAMERA" />
11-->src/main/AndroidManifest.xml:3:5-65
11-->src/main/AndroidManifest.xml:3:22-62
12
13    <uses-feature
13-->src/main/AndroidManifest.xml:4:5-84
14        android:name="android.hardware.camera"
14-->src/main/AndroidManifest.xml:4:19-57
15        android:required="true" />
15-->src/main/AndroidManifest.xml:4:58-81
16
17    <application
17-->src/main/AndroidManifest.xml:5:5-18:19
18        android:allowBackup="false"
18-->src/main/AndroidManifest.xml:6:9-36
19        android:debuggable="true"
20        android:extractNativeLibs="false"
21        android:label="UHR Test"
21-->src/main/AndroidManifest.xml:7:9-33
22        android:theme="@android:style/Theme.NoTitleBar" >
22-->src/main/AndroidManifest.xml:8:9-56
23        <activity
23-->src/main/AndroidManifest.xml:9:9-17:20
24            android:name="com.giblets.uhrtest.MainActivity"
24-->src/main/AndroidManifest.xml:10:13-41
25            android:exported="true"
25-->src/main/AndroidManifest.xml:11:13-36
26            android:screenOrientation="portrait" >
26-->src/main/AndroidManifest.xml:12:13-49
27            <intent-filter>
27-->src/main/AndroidManifest.xml:13:13-16:29
28                <action android:name="android.intent.action.MAIN" />
28-->src/main/AndroidManifest.xml:14:17-69
28-->src/main/AndroidManifest.xml:14:25-66
29
30                <category android:name="android.intent.category.LAUNCHER" />
30-->src/main/AndroidManifest.xml:15:17-77
30-->src/main/AndroidManifest.xml:15:27-74
31            </intent-filter>
32        </activity>
33    </application>
34
35</manifest>